ERROR - 2023-05-18 01:14:47 --> Error connecting to the database: mysqli_sql_exception: Access denied for user ''@'localhost' (using password: NO) in C:\xampp\htdocs\sinhvien\vendor\codeigniter4\framework\system\Database\MySQLi\Connection.php:174
Stack trace:
#0 C:\xampp\htdocs\sinhvien\vendor\codeigniter4\framework\system\Database\MySQLi\Connection.php(174): mysqli->real_connect('localhost', '', '', '', 3306, '', 0)
#1 C:\xampp\htdocs\sinhvien\vendor\codeigniter4\framework\system\Database\BaseConnection.php(391): CodeIgniter\Database\MySQLi\Connection->connect(false)
#2 C:\xampp\htdocs\sinhvien\vendor\codeigniter4\framework\system\Database\BaseConnection.php(574): CodeIgniter\Database\BaseConnection->initialize()
#3 C:\xampp\htdocs\sinhvien\vendor\codeigniter4\framework\system\Database\BaseConnection.php(1409): CodeIgniter\Database\BaseConnection->query('SHOW TABLES FRO...')
#4 C:\xampp\htdocs\sinhvien\vendor\codeigniter4\framework\system\Database\BaseConnection.php(1428): CodeIgniter\Database\BaseConnection->listTables()
#5 C:\xampp\htdocs\sinhvien\vendor\codeigniter4\framework\system\Database\MigrationRunner.php(768): CodeIgniter\Database\BaseConnection->tableExists('migrations')
#6 C:\xampp\htdocs\sinhvien\vendor\codeigniter4\framework\system\Database\MigrationRunner.php(168): CodeIgniter\Database\MigrationRunner->ensureTable()
#7 C:\xampp\htdocs\sinhvien\vendor\codeigniter4\framework\system\Commands\Database\Migrate.php(84): CodeIgniter\Database\MigrationRunner->latest(NULL)
#8 C:\xampp\htdocs\sinhvien\vendor\codeigniter4\framework\system\CLI\Commands.php(65): CodeIgniter\Commands\Database\Migrate->run(Array)
#9 C:\xampp\htdocs\sinhvien\vendor\codeigniter4\framework\system\CLI\Console.php(37): CodeIgniter\CLI\Commands->run('migrate', Array)
#10 C:\xampp\htdocs\sinhvien\spark(97): CodeIgniter\CLI\Console->run()
#11 {main}

Next CodeIgniter\Database\Exceptions\DatabaseException: Access denied for user ''@'localhost' (using password: NO) in C:\xampp\htdocs\sinhvien\vendor\codeigniter4\framework\system\Database\MySQLi\Connection.php:218
Stack trace:
#0 C:\xampp\htdocs\sinhvien\vendor\codeigniter4\framework\system\Database\BaseConnection.php(391): CodeIgniter\Database\MySQLi\Connection->connect(false)
#1 C:\xampp\htdocs\sinhvien\vendor\codeigniter4\framework\system\Database\BaseConnection.php(574): CodeIgniter\Database\BaseConnection->initialize()
#2 C:\xampp\htdocs\sinhvien\vendor\codeigniter4\framework\system\Database\BaseConnection.php(1409): CodeIgniter\Database\BaseConnection->query('SHOW TABLES FRO...')
#3 C:\xampp\htdocs\sinhvien\vendor\codeigniter4\framework\system\Database\BaseConnection.php(1428): CodeIgniter\Database\BaseConnection->listTables()
#4 C:\xampp\htdocs\sinhvien\vendor\codeigniter4\framework\system\Database\MigrationRunner.php(768): CodeIgniter\Database\BaseConnection->tableExists('migrations')
#5 C:\xampp\htdocs\sinhvien\vendor\codeigniter4\framework\system\Database\MigrationRunner.php(168): CodeIgniter\Database\MigrationRunner->ensureTable()
#6 C:\xampp\htdocs\sinhvien\vendor\codeigniter4\framework\system\Commands\Database\Migrate.php(84): CodeIgniter\Database\MigrationRunner->latest(NULL)
#7 C:\xampp\htdocs\sinhvien\vendor\codeigniter4\framework\system\CLI\Commands.php(65): CodeIgniter\Commands\Database\Migrate->run(Array)
#8 C:\xampp\htdocs\sinhvien\vendor\codeigniter4\framework\system\CLI\Console.php(37): CodeIgniter\CLI\Commands->run('migrate', Array)
#9 C:\xampp\htdocs\sinhvien\spark(97): CodeIgniter\CLI\Console->run()
#10 {main}
CRITICAL - 2023-05-18 02:18:54 --> Cannot declare class App\Controllers\Tinh because the name is already in use
in APPPATH\Controllers\Tinh.php on line 7.
 1 [internal function]: CodeIgniter\Debug\Exceptions->shutdownHandler()
CRITICAL - 2023-05-18 02:18:55 --> Cannot declare class App\Controllers\Tinh because the name is already in use
in APPPATH\Controllers\Tinh.php on line 7.
 1 [internal function]: CodeIgniter\Debug\Exceptions->shutdownHandler()
CRITICAL - 2023-05-18 02:18:56 --> Cannot declare class App\Controllers\Tinh because the name is already in use
in APPPATH\Controllers\Tinh.php on line 7.
 1 [internal function]: CodeIgniter\Debug\Exceptions->shutdownHandler()
CRITICAL - 2023-05-18 02:18:58 --> Cannot declare class App\Controllers\Tinh because the name is already in use
in APPPATH\Controllers\Tinh.php on line 7.
 1 [internal function]: CodeIgniter\Debug\Exceptions->shutdownHandler()
CRITICAL - 2023-05-18 02:20:45 --> Class 'App\Controllers\TinhModel' not found
in APPPATH\Controllers\Tinh.php on line 10.
 1 SYSTEMPATH\CodeIgniter.php(934): App\Controllers\Tinh->index()
 2 SYSTEMPATH\CodeIgniter.php(499): CodeIgniter\CodeIgniter->runController(Object(App\Controllers\Tinh))
 3 SYSTEMPATH\CodeIgniter.php(368): CodeIgniter\CodeIgniter->handleRequest(null, Object(Config\Cache), false)
 4 FCPATH\index.php(67): CodeIgniter\CodeIgniter->run()
 5 SYSTEMPATH\Commands\Server\rewrite.php(47): require_once('C:\\xampp\\htdocs\\sinhvien\\public\\index.php')
CRITICAL - 2023-05-18 02:20:46 --> Class 'App\Controllers\TinhModel' not found
in APPPATH\Controllers\Tinh.php on line 10.
 1 SYSTEMPATH\CodeIgniter.php(934): App\Controllers\Tinh->index()
 2 SYSTEMPATH\CodeIgniter.php(499): CodeIgniter\CodeIgniter->runController(Object(App\Controllers\Tinh))
 3 SYSTEMPATH\CodeIgniter.php(368): CodeIgniter\CodeIgniter->handleRequest(null, Object(Config\Cache), false)
 4 FCPATH\index.php(67): CodeIgniter\CodeIgniter->run()
 5 SYSTEMPATH\Commands\Server\rewrite.php(47): require_once('C:\\xampp\\htdocs\\sinhvien\\public\\index.php')
CRITICAL - 2023-05-18 02:21:09 --> Class 'App\Controllers\TinhModel' not found
in APPPATH\Controllers\Tinh.php on line 10.
 1 SYSTEMPATH\CodeIgniter.php(934): App\Controllers\Tinh->index()
 2 SYSTEMPATH\CodeIgniter.php(499): CodeIgniter\CodeIgniter->runController(Object(App\Controllers\Tinh))
 3 SYSTEMPATH\CodeIgniter.php(368): CodeIgniter\CodeIgniter->handleRequest(null, Object(Config\Cache), false)
 4 FCPATH\index.php(67): CodeIgniter\CodeIgniter->run()
 5 SYSTEMPATH\Commands\Server\rewrite.php(47): require_once('C:\\xampp\\htdocs\\sinhvien\\public\\index.php')
CRITICAL - 2023-05-18 02:21:10 --> Class 'App\Controllers\TinhModel' not found
in APPPATH\Controllers\Tinh.php on line 10.
 1 SYSTEMPATH\CodeIgniter.php(934): App\Controllers\Tinh->index()
 2 SYSTEMPATH\CodeIgniter.php(499): CodeIgniter\CodeIgniter->runController(Object(App\Controllers\Tinh))
 3 SYSTEMPATH\CodeIgniter.php(368): CodeIgniter\CodeIgniter->handleRequest(null, Object(Config\Cache), false)
 4 FCPATH\index.php(67): CodeIgniter\CodeIgniter->run()
 5 SYSTEMPATH\Commands\Server\rewrite.php(47): require_once('C:\\xampp\\htdocs\\sinhvien\\public\\index.php')
CRITICAL - 2023-05-18 02:21:19 --> Class 'App\Controllers\TinhModel' not found
in APPPATH\Controllers\Tinh.php on line 10.
 1 SYSTEMPATH\CodeIgniter.php(934): App\Controllers\Tinh->index()
 2 SYSTEMPATH\CodeIgniter.php(499): CodeIgniter\CodeIgniter->runController(Object(App\Controllers\Tinh))
 3 SYSTEMPATH\CodeIgniter.php(368): CodeIgniter\CodeIgniter->handleRequest(null, Object(Config\Cache), false)
 4 FCPATH\index.php(67): CodeIgniter\CodeIgniter->run()
 5 SYSTEMPATH\Commands\Server\rewrite.php(47): require_once('C:\\xampp\\htdocs\\sinhvien\\public\\index.php')
CRITICAL - 2023-05-18 02:21:20 --> Class 'App\Controllers\TinhModel' not found
in APPPATH\Controllers\Tinh.php on line 10.
 1 SYSTEMPATH\CodeIgniter.php(934): App\Controllers\Tinh->index()
 2 SYSTEMPATH\CodeIgniter.php(499): CodeIgniter\CodeIgniter->runController(Object(App\Controllers\Tinh))
 3 SYSTEMPATH\CodeIgniter.php(368): CodeIgniter\CodeIgniter->handleRequest(null, Object(Config\Cache), false)
 4 FCPATH\index.php(67): CodeIgniter\CodeIgniter->run()
 5 SYSTEMPATH\Commands\Server\rewrite.php(47): require_once('C:\\xampp\\htdocs\\sinhvien\\public\\index.php')
CRITICAL - 2023-05-18 02:21:20 --> Class 'App\Controllers\TinhModel' not found
in APPPATH\Controllers\Tinh.php on line 10.
 1 SYSTEMPATH\CodeIgniter.php(934): App\Controllers\Tinh->index()
 2 SYSTEMPATH\CodeIgniter.php(499): CodeIgniter\CodeIgniter->runController(Object(App\Controllers\Tinh))
 3 SYSTEMPATH\CodeIgniter.php(368): CodeIgniter\CodeIgniter->handleRequest(null, Object(Config\Cache), false)
 4 FCPATH\index.php(67): CodeIgniter\CodeIgniter->run()
 5 SYSTEMPATH\Commands\Server\rewrite.php(47): require_once('C:\\xampp\\htdocs\\sinhvien\\public\\index.php')
CRITICAL - 2023-05-18 02:37:15 --> Class 'App\Models\TinhModel' not found
in APPPATH\Controllers\Tinh.php on line 11.
 1 SYSTEMPATH\CodeIgniter.php(934): App\Controllers\Tinh->index()
 2 SYSTEMPATH\CodeIgniter.php(499): CodeIgniter\CodeIgniter->runController(Object(App\Controllers\Tinh))
 3 SYSTEMPATH\CodeIgniter.php(368): CodeIgniter\CodeIgniter->handleRequest(null, Object(Config\Cache), false)
 4 FCPATH\index.php(67): CodeIgniter\CodeIgniter->run()
 5 SYSTEMPATH\Commands\Server\rewrite.php(47): require_once('C:\\xampp\\htdocs\\sinhvien\\public\\index.php')
CRITICAL - 2023-05-18 02:37:16 --> Class 'App\Models\TinhModel' not found
in APPPATH\Controllers\Tinh.php on line 11.
 1 SYSTEMPATH\CodeIgniter.php(934): App\Controllers\Tinh->index()
 2 SYSTEMPATH\CodeIgniter.php(499): CodeIgniter\CodeIgniter->runController(Object(App\Controllers\Tinh))
 3 SYSTEMPATH\CodeIgniter.php(368): CodeIgniter\CodeIgniter->handleRequest(null, Object(Config\Cache), false)
 4 FCPATH\index.php(67): CodeIgniter\CodeIgniter->run()
 5 SYSTEMPATH\Commands\Server\rewrite.php(47): require_once('C:\\xampp\\htdocs\\sinhvien\\public\\index.php')
CRITICAL - 2023-05-18 02:37:16 --> Class 'App\Models\TinhModel' not found
in APPPATH\Controllers\Tinh.php on line 11.
 1 SYSTEMPATH\CodeIgniter.php(934): App\Controllers\Tinh->index()
 2 SYSTEMPATH\CodeIgniter.php(499): CodeIgniter\CodeIgniter->runController(Object(App\Controllers\Tinh))
 3 SYSTEMPATH\CodeIgniter.php(368): CodeIgniter\CodeIgniter->handleRequest(null, Object(Config\Cache), false)
 4 FCPATH\index.php(67): CodeIgniter\CodeIgniter->run()
 5 SYSTEMPATH\Commands\Server\rewrite.php(47): require_once('C:\\xampp\\htdocs\\sinhvien\\public\\index.php')
CRITICAL - 2023-05-18 02:37:16 --> Class 'App\Models\TinhModel' not found
in APPPATH\Controllers\Tinh.php on line 11.
 1 SYSTEMPATH\CodeIgniter.php(934): App\Controllers\Tinh->index()
 2 SYSTEMPATH\CodeIgniter.php(499): CodeIgniter\CodeIgniter->runController(Object(App\Controllers\Tinh))
 3 SYSTEMPATH\CodeIgniter.php(368): CodeIgniter\CodeIgniter->handleRequest(null, Object(Config\Cache), false)
 4 FCPATH\index.php(67): CodeIgniter\CodeIgniter->run()
 5 SYSTEMPATH\Commands\Server\rewrite.php(47): require_once('C:\\xampp\\htdocs\\sinhvien\\public\\index.php')
CRITICAL - 2023-05-18 02:37:16 --> Class 'App\Models\TinhModel' not found
in APPPATH\Controllers\Tinh.php on line 11.
 1 SYSTEMPATH\CodeIgniter.php(934): App\Controllers\Tinh->index()
 2 SYSTEMPATH\CodeIgniter.php(499): CodeIgniter\CodeIgniter->runController(Object(App\Controllers\Tinh))
 3 SYSTEMPATH\CodeIgniter.php(368): CodeIgniter\CodeIgniter->handleRequest(null, Object(Config\Cache), false)
 4 FCPATH\index.php(67): CodeIgniter\CodeIgniter->run()
 5 SYSTEMPATH\Commands\Server\rewrite.php(47): require_once('C:\\xampp\\htdocs\\sinhvien\\public\\index.php')
CRITICAL - 2023-05-18 02:37:50 --> Class 'App\Models\TinhModel' not found
in APPPATH\Controllers\Tinh.php on line 11.
 1 SYSTEMPATH\CodeIgniter.php(934): App\Controllers\Tinh->index()
 2 SYSTEMPATH\CodeIgniter.php(499): CodeIgniter\CodeIgniter->runController(Object(App\Controllers\Tinh))
 3 SYSTEMPATH\CodeIgniter.php(368): CodeIgniter\CodeIgniter->handleRequest(null, Object(Config\Cache), false)
 4 FCPATH\index.php(67): CodeIgniter\CodeIgniter->run()
 5 SYSTEMPATH\Commands\Server\rewrite.php(47): require_once('C:\\xampp\\htdocs\\sinhvien\\public\\index.php')
CRITICAL - 2023-05-18 02:38:11 --> Class 'App\Models\TinhModel' not found
in APPPATH\Controllers\Tinh.php on line 11.
 1 SYSTEMPATH\CodeIgniter.php(934): App\Controllers\Tinh->index()
 2 SYSTEMPATH\CodeIgniter.php(499): CodeIgniter\CodeIgniter->runController(Object(App\Controllers\Tinh))
 3 SYSTEMPATH\CodeIgniter.php(368): CodeIgniter\CodeIgniter->handleRequest(null, Object(Config\Cache), false)
 4 FCPATH\index.php(67): CodeIgniter\CodeIgniter->run()
 5 SYSTEMPATH\Commands\Server\rewrite.php(47): require_once('C:\\xampp\\htdocs\\sinhvien\\public\\index.php')
CRITICAL - 2023-05-18 02:38:12 --> Class 'App\Models\TinhModel' not found
in APPPATH\Controllers\Tinh.php on line 11.
 1 SYSTEMPATH\CodeIgniter.php(934): App\Controllers\Tinh->index()
 2 SYSTEMPATH\CodeIgniter.php(499): CodeIgniter\CodeIgniter->runController(Object(App\Controllers\Tinh))
 3 SYSTEMPATH\CodeIgniter.php(368): CodeIgniter\CodeIgniter->handleRequest(null, Object(Config\Cache), false)
 4 FCPATH\index.php(67): CodeIgniter\CodeIgniter->run()
 5 SYSTEMPATH\Commands\Server\rewrite.php(47): require_once('C:\\xampp\\htdocs\\sinhvien\\public\\index.php')
CRITICAL - 2023-05-18 02:38:12 --> Class 'App\Models\TinhModel' not found
in APPPATH\Controllers\Tinh.php on line 11.
 1 SYSTEMPATH\CodeIgniter.php(934): App\Controllers\Tinh->index()
 2 SYSTEMPATH\CodeIgniter.php(499): CodeIgniter\CodeIgniter->runController(Object(App\Controllers\Tinh))
 3 SYSTEMPATH\CodeIgniter.php(368): CodeIgniter\CodeIgniter->handleRequest(null, Object(Config\Cache), false)
 4 FCPATH\index.php(67): CodeIgniter\CodeIgniter->run()
 5 SYSTEMPATH\Commands\Server\rewrite.php(47): require_once('C:\\xampp\\htdocs\\sinhvien\\public\\index.php')
CRITICAL - 2023-05-18 02:38:12 --> Class 'App\Models\TinhModel' not found
in APPPATH\Controllers\Tinh.php on line 11.
 1 SYSTEMPATH\CodeIgniter.php(934): App\Controllers\Tinh->index()
 2 SYSTEMPATH\CodeIgniter.php(499): CodeIgniter\CodeIgniter->runController(Object(App\Controllers\Tinh))
 3 SYSTEMPATH\CodeIgniter.php(368): CodeIgniter\CodeIgniter->handleRequest(null, Object(Config\Cache), false)
 4 FCPATH\index.php(67): CodeIgniter\CodeIgniter->run()
 5 SYSTEMPATH\Commands\Server\rewrite.php(47): require_once('C:\\xampp\\htdocs\\sinhvien\\public\\index.php')
CRITICAL - 2023-05-18 02:38:17 --> Class 'App\Models\TinhModel' not found
in APPPATH\Controllers\Tinh.php on line 11.
 1 SYSTEMPATH\CodeIgniter.php(934): App\Controllers\Tinh->index()
 2 SYSTEMPATH\CodeIgniter.php(499): CodeIgniter\CodeIgniter->runController(Object(App\Controllers\Tinh))
 3 SYSTEMPATH\CodeIgniter.php(368): CodeIgniter\CodeIgniter->handleRequest(null, Object(Config\Cache), false)
 4 FCPATH\index.php(67): CodeIgniter\CodeIgniter->run()
 5 SYSTEMPATH\Commands\Server\rewrite.php(47): require_once('C:\\xampp\\htdocs\\sinhvien\\public\\index.php')
CRITICAL - 2023-05-18 02:38:17 --> Class 'App\Models\TinhModel' not found
in APPPATH\Controllers\Tinh.php on line 11.
 1 SYSTEMPATH\CodeIgniter.php(934): App\Controllers\Tinh->index()
 2 SYSTEMPATH\CodeIgniter.php(499): CodeIgniter\CodeIgniter->runController(Object(App\Controllers\Tinh))
 3 SYSTEMPATH\CodeIgniter.php(368): CodeIgniter\CodeIgniter->handleRequest(null, Object(Config\Cache), false)
 4 FCPATH\index.php(67): CodeIgniter\CodeIgniter->run()
 5 SYSTEMPATH\Commands\Server\rewrite.php(47): require_once('C:\\xampp\\htdocs\\sinhvien\\public\\index.php')
CRITICAL - 2023-05-18 02:38:17 --> Class 'App\Models\TinhModel' not found
in APPPATH\Controllers\Tinh.php on line 11.
 1 SYSTEMPATH\CodeIgniter.php(934): App\Controllers\Tinh->index()
 2 SYSTEMPATH\CodeIgniter.php(499): CodeIgniter\CodeIgniter->runController(Object(App\Controllers\Tinh))
 3 SYSTEMPATH\CodeIgniter.php(368): CodeIgniter\CodeIgniter->handleRequest(null, Object(Config\Cache), false)
 4 FCPATH\index.php(67): CodeIgniter\CodeIgniter->run()
 5 SYSTEMPATH\Commands\Server\rewrite.php(47): require_once('C:\\xampp\\htdocs\\sinhvien\\public\\index.php')
CRITICAL - 2023-05-18 02:38:18 --> Class 'App\Models\TinhModel' not found
in APPPATH\Controllers\Tinh.php on line 11.
 1 SYSTEMPATH\CodeIgniter.php(934): App\Controllers\Tinh->index()
 2 SYSTEMPATH\CodeIgniter.php(499): CodeIgniter\CodeIgniter->runController(Object(App\Controllers\Tinh))
 3 SYSTEMPATH\CodeIgniter.php(368): CodeIgniter\CodeIgniter->handleRequest(null, Object(Config\Cache), false)
 4 FCPATH\index.php(67): CodeIgniter\CodeIgniter->run()
 5 SYSTEMPATH\Commands\Server\rewrite.php(47): require_once('C:\\xampp\\htdocs\\sinhvien\\public\\index.php')
CRITICAL - 2023-05-18 02:38:33 --> Class 'App\Models\TinhModel' not found
in APPPATH\Controllers\Tinh.php on line 11.
 1 SYSTEMPATH\CodeIgniter.php(934): App\Controllers\Tinh->index()
 2 SYSTEMPATH\CodeIgniter.php(499): CodeIgniter\CodeIgniter->runController(Object(App\Controllers\Tinh))
 3 SYSTEMPATH\CodeIgniter.php(368): CodeIgniter\CodeIgniter->handleRequest(null, Object(Config\Cache), false)
 4 FCPATH\index.php(67): CodeIgniter\CodeIgniter->run()
 5 SYSTEMPATH\Commands\Server\rewrite.php(47): require_once('C:\\xampp\\htdocs\\sinhvien\\public\\index.php')
CRITICAL - 2023-05-18 02:38:34 --> Class 'App\Models\TinhModel' not found
in APPPATH\Controllers\Tinh.php on line 11.
 1 SYSTEMPATH\CodeIgniter.php(934): App\Controllers\Tinh->index()
 2 SYSTEMPATH\CodeIgniter.php(499): CodeIgniter\CodeIgniter->runController(Object(App\Controllers\Tinh))
 3 SYSTEMPATH\CodeIgniter.php(368): CodeIgniter\CodeIgniter->handleRequest(null, Object(Config\Cache), false)
 4 FCPATH\index.php(67): CodeIgniter\CodeIgniter->run()
 5 SYSTEMPATH\Commands\Server\rewrite.php(47): require_once('C:\\xampp\\htdocs\\sinhvien\\public\\index.php')
CRITICAL - 2023-05-18 02:38:34 --> Class 'App\Models\TinhModel' not found
in APPPATH\Controllers\Tinh.php on line 11.
 1 SYSTEMPATH\CodeIgniter.php(934): App\Controllers\Tinh->index()
 2 SYSTEMPATH\CodeIgniter.php(499): CodeIgniter\CodeIgniter->runController(Object(App\Controllers\Tinh))
 3 SYSTEMPATH\CodeIgniter.php(368): CodeIgniter\CodeIgniter->handleRequest(null, Object(Config\Cache), false)
 4 FCPATH\index.php(67): CodeIgniter\CodeIgniter->run()
 5 SYSTEMPATH\Commands\Server\rewrite.php(47): require_once('C:\\xampp\\htdocs\\sinhvien\\public\\index.php')
CRITICAL - 2023-05-18 02:38:34 --> Class 'App\Models\TinhModel' not found
in APPPATH\Controllers\Tinh.php on line 11.
 1 SYSTEMPATH\CodeIgniter.php(934): App\Controllers\Tinh->index()
 2 SYSTEMPATH\CodeIgniter.php(499): CodeIgniter\CodeIgniter->runController(Object(App\Controllers\Tinh))
 3 SYSTEMPATH\CodeIgniter.php(368): CodeIgniter\CodeIgniter->handleRequest(null, Object(Config\Cache), false)
 4 FCPATH\index.php(67): CodeIgniter\CodeIgniter->run()
 5 SYSTEMPATH\Commands\Server\rewrite.php(47): require_once('C:\\xampp\\htdocs\\sinhvien\\public\\index.php')
CRITICAL - 2023-05-18 02:39:25 --> Class 'App\Models\TinhModel' not found
in APPPATH\Controllers\Tinh.php on line 11.
 1 SYSTEMPATH\CodeIgniter.php(934): App\Controllers\Tinh->index()
 2 SYSTEMPATH\CodeIgniter.php(499): CodeIgniter\CodeIgniter->runController(Object(App\Controllers\Tinh))
 3 SYSTEMPATH\CodeIgniter.php(368): CodeIgniter\CodeIgniter->handleRequest(null, Object(Config\Cache), false)
 4 FCPATH\index.php(67): CodeIgniter\CodeIgniter->run()
 5 SYSTEMPATH\Commands\Server\rewrite.php(47): require_once('C:\\xampp\\htdocs\\sinhvien\\public\\index.php')
CRITICAL - 2023-05-18 02:39:26 --> Class 'App\Models\TinhModel' not found
in APPPATH\Controllers\Tinh.php on line 11.
 1 SYSTEMPATH\CodeIgniter.php(934): App\Controllers\Tinh->index()
 2 SYSTEMPATH\CodeIgniter.php(499): CodeIgniter\CodeIgniter->runController(Object(App\Controllers\Tinh))
 3 SYSTEMPATH\CodeIgniter.php(368): CodeIgniter\CodeIgniter->handleRequest(null, Object(Config\Cache), false)
 4 FCPATH\index.php(67): CodeIgniter\CodeIgniter->run()
 5 SYSTEMPATH\Commands\Server\rewrite.php(47): require_once('C:\\xampp\\htdocs\\sinhvien\\public\\index.php')
CRITICAL - 2023-05-18 02:39:26 --> Class 'App\Models\TinhModel' not found
in APPPATH\Controllers\Tinh.php on line 11.
 1 SYSTEMPATH\CodeIgniter.php(934): App\Controllers\Tinh->index()
 2 SYSTEMPATH\CodeIgniter.php(499): CodeIgniter\CodeIgniter->runController(Object(App\Controllers\Tinh))
 3 SYSTEMPATH\CodeIgniter.php(368): CodeIgniter\CodeIgniter->handleRequest(null, Object(Config\Cache), false)
 4 FCPATH\index.php(67): CodeIgniter\CodeIgniter->run()
 5 SYSTEMPATH\Commands\Server\rewrite.php(47): require_once('C:\\xampp\\htdocs\\sinhvien\\public\\index.php')
CRITICAL - 2023-05-18 02:39:26 --> Class 'App\Models\TinhModel' not found
in APPPATH\Controllers\Tinh.php on line 11.
 1 SYSTEMPATH\CodeIgniter.php(934): App\Controllers\Tinh->index()
 2 SYSTEMPATH\CodeIgniter.php(499): CodeIgniter\CodeIgniter->runController(Object(App\Controllers\Tinh))
 3 SYSTEMPATH\CodeIgniter.php(368): CodeIgniter\CodeIgniter->handleRequest(null, Object(Config\Cache), false)
 4 FCPATH\index.php(67): CodeIgniter\CodeIgniter->run()
 5 SYSTEMPATH\Commands\Server\rewrite.php(47): require_once('C:\\xampp\\htdocs\\sinhvien\\public\\index.php')
CRITICAL - 2023-05-18 02:40:09 --> Class 'App\Models\TinhModel' not found
in APPPATH\Controllers\Tinh.php on line 11.
 1 SYSTEMPATH\CodeIgniter.php(934): App\Controllers\Tinh->index()
 2 SYSTEMPATH\CodeIgniter.php(499): CodeIgniter\CodeIgniter->runController(Object(App\Controllers\Tinh))
 3 SYSTEMPATH\CodeIgniter.php(368): CodeIgniter\CodeIgniter->handleRequest(null, Object(Config\Cache), false)
 4 FCPATH\index.php(67): CodeIgniter\CodeIgniter->run()
 5 SYSTEMPATH\Commands\Server\rewrite.php(47): require_once('C:\\xampp\\htdocs\\sinhvien\\public\\index.php')
CRITICAL - 2023-05-18 02:40:10 --> Class 'App\Models\TinhModel' not found
in APPPATH\Controllers\Tinh.php on line 11.
 1 SYSTEMPATH\CodeIgniter.php(934): App\Controllers\Tinh->index()
 2 SYSTEMPATH\CodeIgniter.php(499): CodeIgniter\CodeIgniter->runController(Object(App\Controllers\Tinh))
 3 SYSTEMPATH\CodeIgniter.php(368): CodeIgniter\CodeIgniter->handleRequest(null, Object(Config\Cache), false)
 4 FCPATH\index.php(67): CodeIgniter\CodeIgniter->run()
 5 SYSTEMPATH\Commands\Server\rewrite.php(47): require_once('C:\\xampp\\htdocs\\sinhvien\\public\\index.php')
CRITICAL - 2023-05-18 02:40:11 --> Class 'App\Models\TinhModel' not found
in APPPATH\Controllers\Tinh.php on line 11.
 1 SYSTEMPATH\CodeIgniter.php(934): App\Controllers\Tinh->index()
 2 SYSTEMPATH\CodeIgniter.php(499): CodeIgniter\CodeIgniter->runController(Object(App\Controllers\Tinh))
 3 SYSTEMPATH\CodeIgniter.php(368): CodeIgniter\CodeIgniter->handleRequest(null, Object(Config\Cache), false)
 4 FCPATH\index.php(67): CodeIgniter\CodeIgniter->run()
 5 SYSTEMPATH\Commands\Server\rewrite.php(47): require_once('C:\\xampp\\htdocs\\sinhvien\\public\\index.php')
CRITICAL - 2023-05-18 02:40:11 --> Class 'App\Models\TinhModel' not found
in APPPATH\Controllers\Tinh.php on line 11.
 1 SYSTEMPATH\CodeIgniter.php(934): App\Controllers\Tinh->index()
 2 SYSTEMPATH\CodeIgniter.php(499): CodeIgniter\CodeIgniter->runController(Object(App\Controllers\Tinh))
 3 SYSTEMPATH\CodeIgniter.php(368): CodeIgniter\CodeIgniter->handleRequest(null, Object(Config\Cache), false)
 4 FCPATH\index.php(67): CodeIgniter\CodeIgniter->run()
 5 SYSTEMPATH\Commands\Server\rewrite.php(47): require_once('C:\\xampp\\htdocs\\sinhvien\\public\\index.php')
CRITICAL - 2023-05-18 02:40:27 --> Class 'App\Models\TinhModel' not found
in APPPATH\Controllers\Tinh.php on line 11.
 1 SYSTEMPATH\CodeIgniter.php(934): App\Controllers\Tinh->index()
 2 SYSTEMPATH\CodeIgniter.php(499): CodeIgniter\CodeIgniter->runController(Object(App\Controllers\Tinh))
 3 SYSTEMPATH\CodeIgniter.php(368): CodeIgniter\CodeIgniter->handleRequest(null, Object(Config\Cache), false)
 4 FCPATH\index.php(67): CodeIgniter\CodeIgniter->run()
 5 SYSTEMPATH\Commands\Server\rewrite.php(47): require_once('C:\\xampp\\htdocs\\sinhvien\\public\\index.php')
CRITICAL - 2023-05-18 02:40:28 --> Class 'App\Models\TinhModel' not found
in APPPATH\Controllers\Tinh.php on line 11.
 1 SYSTEMPATH\CodeIgniter.php(934): App\Controllers\Tinh->index()
 2 SYSTEMPATH\CodeIgniter.php(499): CodeIgniter\CodeIgniter->runController(Object(App\Controllers\Tinh))
 3 SYSTEMPATH\CodeIgniter.php(368): CodeIgniter\CodeIgniter->handleRequest(null, Object(Config\Cache), false)
 4 FCPATH\index.php(67): CodeIgniter\CodeIgniter->run()
 5 SYSTEMPATH\Commands\Server\rewrite.php(47): require_once('C:\\xampp\\htdocs\\sinhvien\\public\\index.php')
CRITICAL - 2023-05-18 02:40:34 --> Argument 2 passed to view() must be of the type array, null given, called in C:\xampp\htdocs\sinhvien\app\Controllers\Tinh.php on line 11
in SYSTEMPATH\Common.php on line 1172.
 1 APPPATH\Controllers\Tinh.php(11): view('pages/tinh', null)
 2 SYSTEMPATH\CodeIgniter.php(934): App\Controllers\Tinh->index()
 3 SYSTEMPATH\CodeIgniter.php(499): CodeIgniter\CodeIgniter->runController(Object(App\Controllers\Tinh))
 4 SYSTEMPATH\CodeIgniter.php(368): CodeIgniter\CodeIgniter->handleRequest(null, Object(Config\Cache), false)
 5 FCPATH\index.php(67): CodeIgniter\CodeIgniter->run()
 6 SYSTEMPATH\Commands\Server\rewrite.php(47): require_once('C:\\xampp\\htdocs\\sinhvien\\public\\index.php')
CRITICAL - 2023-05-18 02:40:35 --> Argument 2 passed to view() must be of the type array, null given, called in C:\xampp\htdocs\sinhvien\app\Controllers\Tinh.php on line 11
in SYSTEMPATH\Common.php on line 1172.
 1 APPPATH\Controllers\Tinh.php(11): view('pages/tinh', null)
 2 SYSTEMPATH\CodeIgniter.php(934): App\Controllers\Tinh->index()
 3 SYSTEMPATH\CodeIgniter.php(499): CodeIgniter\CodeIgniter->runController(Object(App\Controllers\Tinh))
 4 SYSTEMPATH\CodeIgniter.php(368): CodeIgniter\CodeIgniter->handleRequest(null, Object(Config\Cache), false)
 5 FCPATH\index.php(67): CodeIgniter\CodeIgniter->run()
 6 SYSTEMPATH\Commands\Server\rewrite.php(47): require_once('C:\\xampp\\htdocs\\sinhvien\\public\\index.php')
CRITICAL - 2023-05-18 02:40:35 --> Argument 2 passed to view() must be of the type array, null given, called in C:\xampp\htdocs\sinhvien\app\Controllers\Tinh.php on line 11
in SYSTEMPATH\Common.php on line 1172.
 1 APPPATH\Controllers\Tinh.php(11): view('pages/tinh', null)
 2 SYSTEMPATH\CodeIgniter.php(934): App\Controllers\Tinh->index()
 3 SYSTEMPATH\CodeIgniter.php(499): CodeIgniter\CodeIgniter->runController(Object(App\Controllers\Tinh))
 4 SYSTEMPATH\CodeIgniter.php(368): CodeIgniter\CodeIgniter->handleRequest(null, Object(Config\Cache), false)
 5 FCPATH\index.php(67): CodeIgniter\CodeIgniter->run()
 6 SYSTEMPATH\Commands\Server\rewrite.php(47): require_once('C:\\xampp\\htdocs\\sinhvien\\public\\index.php')
CRITICAL - 2023-05-18 02:47:02 --> Class 'App\Models\TinhModel' not found
in APPPATH\Controllers\Tinh.php on line 11.
 1 SYSTEMPATH\CodeIgniter.php(934): App\Controllers\Tinh->index()
 2 SYSTEMPATH\CodeIgniter.php(499): CodeIgniter\CodeIgniter->runController(Object(App\Controllers\Tinh))
 3 SYSTEMPATH\CodeIgniter.php(368): CodeIgniter\CodeIgniter->handleRequest(null, Object(Config\Cache), false)
 4 FCPATH\index.php(67): CodeIgniter\CodeIgniter->run()
 5 SYSTEMPATH\Commands\Server\rewrite.php(47): require_once('C:\\xampp\\htdocs\\sinhvien\\public\\index.php')
CRITICAL - 2023-05-18 02:47:03 --> Class 'App\Models\TinhModel' not found
in APPPATH\Controllers\Tinh.php on line 11.
 1 SYSTEMPATH\CodeIgniter.php(934): App\Controllers\Tinh->index()
 2 SYSTEMPATH\CodeIgniter.php(499): CodeIgniter\CodeIgniter->runController(Object(App\Controllers\Tinh))
 3 SYSTEMPATH\CodeIgniter.php(368): CodeIgniter\CodeIgniter->handleRequest(null, Object(Config\Cache), false)
 4 FCPATH\index.php(67): CodeIgniter\CodeIgniter->run()
 5 SYSTEMPATH\Commands\Server\rewrite.php(47): require_once('C:\\xampp\\htdocs\\sinhvien\\public\\index.php')
CRITICAL - 2023-05-18 02:47:03 --> Class 'App\Models\TinhModel' not found
in APPPATH\Controllers\Tinh.php on line 11.
 1 SYSTEMPATH\CodeIgniter.php(934): App\Controllers\Tinh->index()
 2 SYSTEMPATH\CodeIgniter.php(499): CodeIgniter\CodeIgniter->runController(Object(App\Controllers\Tinh))
 3 SYSTEMPATH\CodeIgniter.php(368): CodeIgniter\CodeIgniter->handleRequest(null, Object(Config\Cache), false)
 4 FCPATH\index.php(67): CodeIgniter\CodeIgniter->run()
 5 SYSTEMPATH\Commands\Server\rewrite.php(47): require_once('C:\\xampp\\htdocs\\sinhvien\\public\\index.php')
CRITICAL - 2023-05-18 02:47:03 --> Class 'App\Models\TinhModel' not found
in APPPATH\Controllers\Tinh.php on line 11.
 1 SYSTEMPATH\CodeIgniter.php(934): App\Controllers\Tinh->index()
 2 SYSTEMPATH\CodeIgniter.php(499): CodeIgniter\CodeIgniter->runController(Object(App\Controllers\Tinh))
 3 SYSTEMPATH\CodeIgniter.php(368): CodeIgniter\CodeIgniter->handleRequest(null, Object(Config\Cache), false)
 4 FCPATH\index.php(67): CodeIgniter\CodeIgniter->run()
 5 SYSTEMPATH\Commands\Server\rewrite.php(47): require_once('C:\\xampp\\htdocs\\sinhvien\\public\\index.php')
CRITICAL - 2023-05-18 02:47:03 --> Class 'App\Models\TinhModel' not found
in APPPATH\Controllers\Tinh.php on line 11.
 1 SYSTEMPATH\CodeIgniter.php(934): App\Controllers\Tinh->index()
 2 SYSTEMPATH\CodeIgniter.php(499): CodeIgniter\CodeIgniter->runController(Object(App\Controllers\Tinh))
 3 SYSTEMPATH\CodeIgniter.php(368): CodeIgniter\CodeIgniter->handleRequest(null, Object(Config\Cache), false)
 4 FCPATH\index.php(67): CodeIgniter\CodeIgniter->run()
 5 SYSTEMPATH\Commands\Server\rewrite.php(47): require_once('C:\\xampp\\htdocs\\sinhvien\\public\\index.php')
CRITICAL - 2023-05-18 02:47:03 --> Class 'App\Models\TinhModel' not found
in APPPATH\Controllers\Tinh.php on line 11.
 1 SYSTEMPATH\CodeIgniter.php(934): App\Controllers\Tinh->index()
 2 SYSTEMPATH\CodeIgniter.php(499): CodeIgniter\CodeIgniter->runController(Object(App\Controllers\Tinh))
 3 SYSTEMPATH\CodeIgniter.php(368): CodeIgniter\CodeIgniter->handleRequest(null, Object(Config\Cache), false)
 4 FCPATH\index.php(67): CodeIgniter\CodeIgniter->run()
 5 SYSTEMPATH\Commands\Server\rewrite.php(47): require_once('C:\\xampp\\htdocs\\sinhvien\\public\\index.php')
CRITICAL - 2023-05-18 03:00:48 --> Class 'App\Models\TinhModel' not found
in APPPATH\Controllers\Tinh.php on line 11.
 1 SYSTEMPATH\CodeIgniter.php(934): App\Controllers\Tinh->index()
 2 SYSTEMPATH\CodeIgniter.php(499): CodeIgniter\CodeIgniter->runController(Object(App\Controllers\Tinh))
 3 SYSTEMPATH\CodeIgniter.php(368): CodeIgniter\CodeIgniter->handleRequest(null, Object(Config\Cache), false)
 4 FCPATH\index.php(67): CodeIgniter\CodeIgniter->run()
 5 SYSTEMPATH\Commands\Server\rewrite.php(47): require_once('C:\\xampp\\htdocs\\sinhvien\\public\\index.php')
CRITICAL - 2023-05-18 03:01:18 --> Class 'App\Models\TinhModel' not found
in APPPATH\Controllers\Tinh.php on line 11.
 1 SYSTEMPATH\CodeIgniter.php(934): App\Controllers\Tinh->index()
 2 SYSTEMPATH\CodeIgniter.php(499): CodeIgniter\CodeIgniter->runController(Object(App\Controllers\Tinh))
 3 SYSTEMPATH\CodeIgniter.php(368): CodeIgniter\CodeIgniter->handleRequest(null, Object(Config\Cache), false)
 4 FCPATH\index.php(67): CodeIgniter\CodeIgniter->run()
 5 SYSTEMPATH\Commands\Server\rewrite.php(47): require_once('C:\\xampp\\htdocs\\sinhvien\\public\\index.php')
CRITICAL - 2023-05-18 03:01:18 --> Class 'App\Models\TinhModel' not found
in APPPATH\Controllers\Tinh.php on line 11.
 1 SYSTEMPATH\CodeIgniter.php(934): App\Controllers\Tinh->index()
 2 SYSTEMPATH\CodeIgniter.php(499): CodeIgniter\CodeIgniter->runController(Object(App\Controllers\Tinh))
 3 SYSTEMPATH\CodeIgniter.php(368): CodeIgniter\CodeIgniter->handleRequest(null, Object(Config\Cache), false)
 4 FCPATH\index.php(67): CodeIgniter\CodeIgniter->run()
 5 SYSTEMPATH\Commands\Server\rewrite.php(47): require_once('C:\\xampp\\htdocs\\sinhvien\\public\\index.php')
CRITICAL - 2023-05-18 03:01:18 --> Class 'App\Models\TinhModel' not found
in APPPATH\Controllers\Tinh.php on line 11.
 1 SYSTEMPATH\CodeIgniter.php(934): App\Controllers\Tinh->index()
 2 SYSTEMPATH\CodeIgniter.php(499): CodeIgniter\CodeIgniter->runController(Object(App\Controllers\Tinh))
 3 SYSTEMPATH\CodeIgniter.php(368): CodeIgniter\CodeIgniter->handleRequest(null, Object(Config\Cache), false)
 4 FCPATH\index.php(67): CodeIgniter\CodeIgniter->run()
 5 SYSTEMPATH\Commands\Server\rewrite.php(47): require_once('C:\\xampp\\htdocs\\sinhvien\\public\\index.php')
CRITICAL - 2023-05-18 03:01:22 --> Class 'App\Models\TinhModel' not found
in APPPATH\Controllers\Tinh.php on line 11.
 1 SYSTEMPATH\CodeIgniter.php(934): App\Controllers\Tinh->index()
 2 SYSTEMPATH\CodeIgniter.php(499): CodeIgniter\CodeIgniter->runController(Object(App\Controllers\Tinh))
 3 SYSTEMPATH\CodeIgniter.php(368): CodeIgniter\CodeIgniter->handleRequest(null, Object(Config\Cache), false)
 4 FCPATH\index.php(67): CodeIgniter\CodeIgniter->run()
 5 SYSTEMPATH\Commands\Server\rewrite.php(47): require_once('C:\\xampp\\htdocs\\sinhvien\\public\\index.php')
CRITICAL - 2023-05-18 03:01:23 --> Class 'App\Models\TinhModel' not found
in APPPATH\Controllers\Tinh.php on line 11.
 1 SYSTEMPATH\CodeIgniter.php(934): App\Controllers\Tinh->index()
 2 SYSTEMPATH\CodeIgniter.php(499): CodeIgniter\CodeIgniter->runController(Object(App\Controllers\Tinh))
 3 SYSTEMPATH\CodeIgniter.php(368): CodeIgniter\CodeIgniter->handleRequest(null, Object(Config\Cache), false)
 4 FCPATH\index.php(67): CodeIgniter\CodeIgniter->run()
 5 SYSTEMPATH\Commands\Server\rewrite.php(47): require_once('C:\\xampp\\htdocs\\sinhvien\\public\\index.php')
CRITICAL - 2023-05-18 03:01:28 --> Class 'App\Models\TinhModel' not found
in APPPATH\Controllers\Tinh.php on line 11.
 1 SYSTEMPATH\CodeIgniter.php(934): App\Controllers\Tinh->index()
 2 SYSTEMPATH\CodeIgniter.php(499): CodeIgniter\CodeIgniter->runController(Object(App\Controllers\Tinh))
 3 SYSTEMPATH\CodeIgniter.php(368): CodeIgniter\CodeIgniter->handleRequest(null, Object(Config\Cache), false)
 4 FCPATH\index.php(67): CodeIgniter\CodeIgniter->run()
 5 SYSTEMPATH\Commands\Server\rewrite.php(47): require_once('C:\\xampp\\htdocs\\sinhvien\\public\\index.php')
CRITICAL - 2023-05-18 03:01:28 --> Class 'App\Models\TinhModel' not found
in APPPATH\Controllers\Tinh.php on line 11.
 1 SYSTEMPATH\CodeIgniter.php(934): App\Controllers\Tinh->index()
 2 SYSTEMPATH\CodeIgniter.php(499): CodeIgniter\CodeIgniter->runController(Object(App\Controllers\Tinh))
 3 SYSTEMPATH\CodeIgniter.php(368): CodeIgniter\CodeIgniter->handleRequest(null, Object(Config\Cache), false)
 4 FCPATH\index.php(67): CodeIgniter\CodeIgniter->run()
 5 SYSTEMPATH\Commands\Server\rewrite.php(47): require_once('C:\\xampp\\htdocs\\sinhvien\\public\\index.php')
CRITICAL - 2023-05-18 03:01:32 --> Class 'App\Models\TinhModel' not found
in APPPATH\Controllers\Tinh.php on line 11.
 1 SYSTEMPATH\CodeIgniter.php(934): App\Controllers\Tinh->index()
 2 SYSTEMPATH\CodeIgniter.php(499): CodeIgniter\CodeIgniter->runController(Object(App\Controllers\Tinh))
 3 SYSTEMPATH\CodeIgniter.php(368): CodeIgniter\CodeIgniter->handleRequest(null, Object(Config\Cache), false)
 4 FCPATH\index.php(67): CodeIgniter\CodeIgniter->run()
 5 SYSTEMPATH\Commands\Server\rewrite.php(47): require_once('C:\\xampp\\htdocs\\sinhvien\\public\\index.php')
CRITICAL - 2023-05-18 03:01:32 --> Class 'App\Models\TinhModel' not found
in APPPATH\Controllers\Tinh.php on line 11.
 1 SYSTEMPATH\CodeIgniter.php(934): App\Controllers\Tinh->index()
 2 SYSTEMPATH\CodeIgniter.php(499): CodeIgniter\CodeIgniter->runController(Object(App\Controllers\Tinh))
 3 SYSTEMPATH\CodeIgniter.php(368): CodeIgniter\CodeIgniter->handleRequest(null, Object(Config\Cache), false)
 4 FCPATH\index.php(67): CodeIgniter\CodeIgniter->run()
 5 SYSTEMPATH\Commands\Server\rewrite.php(47): require_once('C:\\xampp\\htdocs\\sinhvien\\public\\index.php')
CRITICAL - 2023-05-18 03:01:41 --> Class 'App\Models\TinhModel' not found
in APPPATH\Controllers\Tinh.php on line 11.
 1 SYSTEMPATH\CodeIgniter.php(934): App\Controllers\Tinh->index()
 2 SYSTEMPATH\CodeIgniter.php(499): CodeIgniter\CodeIgniter->runController(Object(App\Controllers\Tinh))
 3 SYSTEMPATH\CodeIgniter.php(368): CodeIgniter\CodeIgniter->handleRequest(null, Object(Config\Cache), false)
 4 FCPATH\index.php(67): CodeIgniter\CodeIgniter->run()
 5 SYSTEMPATH\Commands\Server\rewrite.php(47): require_once('C:\\xampp\\htdocs\\sinhvien\\public\\index.php')
CRITICAL - 2023-05-18 03:01:42 --> Class 'App\Models\TinhModel' not found
in APPPATH\Controllers\Tinh.php on line 11.
 1 SYSTEMPATH\CodeIgniter.php(934): App\Controllers\Tinh->index()
 2 SYSTEMPATH\CodeIgniter.php(499): CodeIgniter\CodeIgniter->runController(Object(App\Controllers\Tinh))
 3 SYSTEMPATH\CodeIgniter.php(368): CodeIgniter\CodeIgniter->handleRequest(null, Object(Config\Cache), false)
 4 FCPATH\index.php(67): CodeIgniter\CodeIgniter->run()
 5 SYSTEMPATH\Commands\Server\rewrite.php(47): require_once('C:\\xampp\\htdocs\\sinhvien\\public\\index.php')
CRITICAL - 2023-05-18 03:01:45 --> Argument 2 passed to view() must be of the type array, null given, called in C:\xampp\htdocs\sinhvien\app\Controllers\Tinh.php on line 14
in SYSTEMPATH\Common.php on line 1172.
 1 APPPATH\Controllers\Tinh.php(14): view('pages/tinh', null)
 2 SYSTEMPATH\CodeIgniter.php(934): App\Controllers\Tinh->index()
 3 SYSTEMPATH\CodeIgniter.php(499): CodeIgniter\CodeIgniter->runController(Object(App\Controllers\Tinh))
 4 SYSTEMPATH\CodeIgniter.php(368): CodeIgniter\CodeIgniter->handleRequest(null, Object(Config\Cache), false)
 5 FCPATH\index.php(67): CodeIgniter\CodeIgniter->run()
 6 SYSTEMPATH\Commands\Server\rewrite.php(47): require_once('C:\\xampp\\htdocs\\sinhvien\\public\\index.php')
CRITICAL - 2023-05-18 03:01:47 --> Argument 2 passed to view() must be of the type array, null given, called in C:\xampp\htdocs\sinhvien\app\Controllers\Tinh.php on line 14
in SYSTEMPATH\Common.php on line 1172.
 1 APPPATH\Controllers\Tinh.php(14): view('pages/tinh', null)
 2 SYSTEMPATH\CodeIgniter.php(934): App\Controllers\Tinh->index()
 3 SYSTEMPATH\CodeIgniter.php(499): CodeIgniter\CodeIgniter->runController(Object(App\Controllers\Tinh))
 4 SYSTEMPATH\CodeIgniter.php(368): CodeIgniter\CodeIgniter->handleRequest(null, Object(Config\Cache), false)
 5 FCPATH\index.php(67): CodeIgniter\CodeIgniter->run()
 6 SYSTEMPATH\Commands\Server\rewrite.php(47): require_once('C:\\xampp\\htdocs\\sinhvien\\public\\index.php')
CRITICAL - 2023-05-18 03:01:47 --> Argument 2 passed to view() must be of the type array, null given, called in C:\xampp\htdocs\sinhvien\app\Controllers\Tinh.php on line 14
in SYSTEMPATH\Common.php on line 1172.
 1 APPPATH\Controllers\Tinh.php(14): view('pages/tinh', null)
 2 SYSTEMPATH\CodeIgniter.php(934): App\Controllers\Tinh->index()
 3 SYSTEMPATH\CodeIgniter.php(499): CodeIgniter\CodeIgniter->runController(Object(App\Controllers\Tinh))
 4 SYSTEMPATH\CodeIgniter.php(368): CodeIgniter\CodeIgniter->handleRequest(null, Object(Config\Cache), false)
 5 FCPATH\index.php(67): CodeIgniter\CodeIgniter->run()
 6 SYSTEMPATH\Commands\Server\rewrite.php(47): require_once('C:\\xampp\\htdocs\\sinhvien\\public\\index.php')
CRITICAL - 2023-05-18 03:07:17 --> Class 'App\Models\TinhModel' not found
in APPPATH\Controllers\Tinh.php on line 11.
 1 SYSTEMPATH\CodeIgniter.php(934): App\Controllers\Tinh->index()
 2 SYSTEMPATH\CodeIgniter.php(499): CodeIgniter\CodeIgniter->runController(Object(App\Controllers\Tinh))
 3 SYSTEMPATH\CodeIgniter.php(368): CodeIgniter\CodeIgniter->handleRequest(null, Object(Config\Cache), false)
 4 FCPATH\index.php(67): CodeIgniter\CodeIgniter->run()
 5 SYSTEMPATH\Commands\Server\rewrite.php(47): require_once('C:\\xampp\\htdocs\\sinhvien\\public\\index.php')
CRITICAL - 2023-05-18 03:07:18 --> Class 'App\Models\TinhModel' not found
in APPPATH\Controllers\Tinh.php on line 11.
 1 SYSTEMPATH\CodeIgniter.php(934): App\Controllers\Tinh->index()
 2 SYSTEMPATH\CodeIgniter.php(499): CodeIgniter\CodeIgniter->runController(Object(App\Controllers\Tinh))
 3 SYSTEMPATH\CodeIgniter.php(368): CodeIgniter\CodeIgniter->handleRequest(null, Object(Config\Cache), false)
 4 FCPATH\index.php(67): CodeIgniter\CodeIgniter->run()
 5 SYSTEMPATH\Commands\Server\rewrite.php(47): require_once('C:\\xampp\\htdocs\\sinhvien\\public\\index.php')
CRITICAL - 2023-05-18 03:07:18 --> Class 'App\Models\TinhModel' not found
in APPPATH\Controllers\Tinh.php on line 11.
 1 SYSTEMPATH\CodeIgniter.php(934): App\Controllers\Tinh->index()
 2 SYSTEMPATH\CodeIgniter.php(499): CodeIgniter\CodeIgniter->runController(Object(App\Controllers\Tinh))
 3 SYSTEMPATH\CodeIgniter.php(368): CodeIgniter\CodeIgniter->handleRequest(null, Object(Config\Cache), false)
 4 FCPATH\index.php(67): CodeIgniter\CodeIgniter->run()
 5 SYSTEMPATH\Commands\Server\rewrite.php(47): require_once('C:\\xampp\\htdocs\\sinhvien\\public\\index.php')
CRITICAL - 2023-05-18 03:07:18 --> Class 'App\Models\TinhModel' not found
in APPPATH\Controllers\Tinh.php on line 11.
 1 SYSTEMPATH\CodeIgniter.php(934): App\Controllers\Tinh->index()
 2 SYSTEMPATH\CodeIgniter.php(499): CodeIgniter\CodeIgniter->runController(Object(App\Controllers\Tinh))
 3 SYSTEMPATH\CodeIgniter.php(368): CodeIgniter\CodeIgniter->handleRequest(null, Object(Config\Cache), false)
 4 FCPATH\index.php(67): CodeIgniter\CodeIgniter->run()
 5 SYSTEMPATH\Commands\Server\rewrite.php(47): require_once('C:\\xampp\\htdocs\\sinhvien\\public\\index.php')
CRITICAL - 2023-05-18 03:07:18 --> Class 'App\Models\TinhModel' not found
in APPPATH\Controllers\Tinh.php on line 11.
 1 SYSTEMPATH\CodeIgniter.php(934): App\Controllers\Tinh->index()
 2 SYSTEMPATH\CodeIgniter.php(499): CodeIgniter\CodeIgniter->runController(Object(App\Controllers\Tinh))
 3 SYSTEMPATH\CodeIgniter.php(368): CodeIgniter\CodeIgniter->handleRequest(null, Object(Config\Cache), false)
 4 FCPATH\index.php(67): CodeIgniter\CodeIgniter->run()
 5 SYSTEMPATH\Commands\Server\rewrite.php(47): require_once('C:\\xampp\\htdocs\\sinhvien\\public\\index.php')
CRITICAL - 2023-05-18 03:07:18 --> Class 'App\Models\TinhModel' not found
in APPPATH\Controllers\Tinh.php on line 11.
 1 SYSTEMPATH\CodeIgniter.php(934): App\Controllers\Tinh->index()
 2 SYSTEMPATH\CodeIgniter.php(499): CodeIgniter\CodeIgniter->runController(Object(App\Controllers\Tinh))
 3 SYSTEMPATH\CodeIgniter.php(368): CodeIgniter\CodeIgniter->handleRequest(null, Object(Config\Cache), false)
 4 FCPATH\index.php(67): CodeIgniter\CodeIgniter->run()
 5 SYSTEMPATH\Commands\Server\rewrite.php(47): require_once('C:\\xampp\\htdocs\\sinhvien\\public\\index.php')
CRITICAL - 2023-05-18 03:07:41 --> Class 'App\Models\TinhModel' not found
in APPPATH\Controllers\Tinh.php on line 11.
 1 SYSTEMPATH\CodeIgniter.php(934): App\Controllers\Tinh->index()
 2 SYSTEMPATH\CodeIgniter.php(499): CodeIgniter\CodeIgniter->runController(Object(App\Controllers\Tinh))
 3 SYSTEMPATH\CodeIgniter.php(368): CodeIgniter\CodeIgniter->handleRequest(null, Object(Config\Cache), false)
 4 FCPATH\index.php(67): CodeIgniter\CodeIgniter->run()
 5 SYSTEMPATH\Commands\Server\rewrite.php(47): require_once('C:\\xampp\\htdocs\\sinhvien\\public\\index.php')
CRITICAL - 2023-05-18 03:29:56 --> syntax error, unexpected '?', expecting end of file
in APPPATH\Views\pages\tinh.php on line 10.
 1 SYSTEMPATH\View\View.php(216): CodeIgniter\View\View->CodeIgniter\View\{closure}()
 2 SYSTEMPATH\Common.php(1184): CodeIgniter\View\View->render('pages/tinh', [], true)
 3 APPPATH\Controllers\Tinh.php(14): view('pages/tinh', [...])
 4 SYSTEMPATH\CodeIgniter.php(934): App\Controllers\Tinh->index()
 5 SYSTEMPATH\CodeIgniter.php(499): CodeIgniter\CodeIgniter->runController(Object(App\Controllers\Tinh))
 6 SYSTEMPATH\CodeIgniter.php(368): CodeIgniter\CodeIgniter->handleRequest(null, Object(Config\Cache), false)
 7 FCPATH\index.php(67): CodeIgniter\CodeIgniter->run()
 8 SYSTEMPATH\Commands\Server\rewrite.php(47): require_once('C:\\xampp\\htdocs\\sinhvien\\public\\index.php')
CRITICAL - 2023-05-18 03:29:57 --> syntax error, unexpected '?', expecting end of file
in APPPATH\Views\pages\tinh.php on line 10.
 1 SYSTEMPATH\View\View.php(216): CodeIgniter\View\View->CodeIgniter\View\{closure}()
 2 SYSTEMPATH\Common.php(1184): CodeIgniter\View\View->render('pages/tinh', [], true)
 3 APPPATH\Controllers\Tinh.php(14): view('pages/tinh', [...])
 4 SYSTEMPATH\CodeIgniter.php(934): App\Controllers\Tinh->index()
 5 SYSTEMPATH\CodeIgniter.php(499): CodeIgniter\CodeIgniter->runController(Object(App\Controllers\Tinh))
 6 SYSTEMPATH\CodeIgniter.php(368): CodeIgniter\CodeIgniter->handleRequest(null, Object(Config\Cache), false)
 7 FCPATH\index.php(67): CodeIgniter\CodeIgniter->run()
 8 SYSTEMPATH\Commands\Server\rewrite.php(47): require_once('C:\\xampp\\htdocs\\sinhvien\\public\\index.php')
