ERROR - 2023-05-20 16:49:28 --> mysqli_sql_exception: Column 'MaTinh' in on clause is ambiguous in C:\xampp\htdocs\sinhvien\vendor\codeigniter4\framework\system\Database\MySQLi\Connection.php:295
Stack trace:
#0 C:\xampp\htdocs\sinhvien\vendor\codeigniter4\framework\system\Database\MySQLi\Connection.php(295): mysqli->query('SELECT COUNT(*)...', 0)
#1 C:\xampp\htdocs\sinhvien\vendor\codeigniter4\framework\system\Database\BaseConnection.php(692): CodeIgniter\Database\MySQLi\Connection->execute('SELECT COUNT(*)...')
#2 C:\xampp\htdocs\sinhvien\vendor\codeigniter4\framework\system\Database\BaseConnection.php(606): CodeIgniter\Database\BaseConnection->simpleQuery('SELECT COUNT(*)...')
#3 C:\xampp\htdocs\sinhvien\vendor\codeigniter4\framework\system\Database\BaseBuilder.php(1700): CodeIgniter\Database\BaseConnection->query('SELECT COUNT(*)...', Array, false)
#4 C:\xampp\htdocs\sinhvien\vendor\codeigniter4\framework\system\Model.php(606): CodeIgniter\Database\BaseBuilder->countAllResults(false)
#5 C:\xampp\htdocs\sinhvien\vendor\codeigniter4\framework\system\BaseModel.php(1188): CodeIgniter\Model->countAllResults(false)
#6 C:\xampp\htdocs\sinhvien\app\Controllers\Huyen.php(14): CodeIgniter\BaseModel->paginate(20)
#7 C:\xampp\htdocs\sinhvien\vendor\codeigniter4\framework\system\CodeIgniter.php(934): App\Controllers\Huyen->index()
#8 C:\xampp\htdocs\sinhvien\vendor\codeigniter4\framework\system\CodeIgniter.php(499): CodeIgniter\CodeIgniter->runController(Object(App\Controllers\Huyen))
#9 C:\xampp\htdocs\sinhvien\vendor\codeigniter4\framework\system\CodeIgniter.php(368): CodeIgniter\CodeIgniter->handleRequest(NULL, Object(Config\Cache), false)
#10 C:\xampp\htdocs\sinhvien\public\index.php(67): CodeIgniter\CodeIgniter->run()
#11 C:\xampp\htdocs\sinhvien\vendor\codeigniter4\framework\system\Commands\Server\rewrite.php(47): require_once('C:\\xampp\\htdocs...')
#12 {main}
CRITICAL - 2023-05-20 16:49:28 --> Column 'MaTinh' in on clause is ambiguous
in SYSTEMPATH\Database\MySQLi\Connection.php on line 295.
 1 SYSTEMPATH\Database\MySQLi\Connection.php(295): mysqli->query('SELECT COUNT(*) AS `numrows`
FROM `huyen`
JOIN `tinh` ON `tinh`.`id`= `MaTinh`', 0)
 2 SYSTEMPATH\Database\BaseConnection.php(692): CodeIgniter\Database\MySQLi\Connection->execute('SELECT COUNT(*) AS `numrows`
FROM `huyen`
JOIN `tinh` ON `tinh`.`id`= `MaTinh`')
 3 SYSTEMPATH\Database\BaseConnection.php(606): CodeIgniter\Database\BaseConnection->simpleQuery('SELECT COUNT(*) AS `numrows`
FROM `huyen`
JOIN `tinh` ON `tinh`.`id`= `MaTinh`')
 4 SYSTEMPATH\Database\BaseBuilder.php(1700): CodeIgniter\Database\BaseConnection->query('SELECT COUNT(*) AS `numrows`
FROM `huyen`
JOIN `tinh` ON `tinh`.`id`= `MaTinh`', [], false)
 5 SYSTEMPATH\Model.php(606): CodeIgniter\Database\BaseBuilder->countAllResults(false)
 6 SYSTEMPATH\BaseModel.php(1188): CodeIgniter\Model->countAllResults(false)
 7 APPPATH\Controllers\Huyen.php(14): CodeIgniter\BaseModel->paginate(20)
 8 SYSTEMPATH\CodeIgniter.php(934): App\Controllers\Huyen->index()
 9 SYSTEMPATH\CodeIgniter.php(499): CodeIgniter\CodeIgniter->runController(Object(App\Controllers\Huyen))
10 SYSTEMPATH\CodeIgniter.php(368): CodeIgniter\CodeIgniter->handleRequest(null, Object(Config\Cache), false)
11 FCPATH\index.php(67): CodeIgniter\CodeIgniter->run()
12 SYSTEMPATH\Commands\Server\rewrite.php(47): require_once('C:\\xampp\\htdocs\\sinhvien\\public\\index.php')
ERROR - 2023-05-20 16:49:32 --> mysqli_sql_exception: Column 'MaTinh' in on clause is ambiguous in C:\xampp\htdocs\sinhvien\vendor\codeigniter4\framework\system\Database\MySQLi\Connection.php:295
Stack trace:
#0 C:\xampp\htdocs\sinhvien\vendor\codeigniter4\framework\system\Database\MySQLi\Connection.php(295): mysqli->query('SELECT COUNT(*)...', 0)
#1 C:\xampp\htdocs\sinhvien\vendor\codeigniter4\framework\system\Database\BaseConnection.php(692): CodeIgniter\Database\MySQLi\Connection->execute('SELECT COUNT(*)...')
#2 C:\xampp\htdocs\sinhvien\vendor\codeigniter4\framework\system\Database\BaseConnection.php(606): CodeIgniter\Database\BaseConnection->simpleQuery('SELECT COUNT(*)...')
#3 C:\xampp\htdocs\sinhvien\vendor\codeigniter4\framework\system\Database\BaseBuilder.php(1700): CodeIgniter\Database\BaseConnection->query('SELECT COUNT(*)...', Array, false)
#4 C:\xampp\htdocs\sinhvien\vendor\codeigniter4\framework\system\Model.php(606): CodeIgniter\Database\BaseBuilder->countAllResults(false)
#5 C:\xampp\htdocs\sinhvien\vendor\codeigniter4\framework\system\BaseModel.php(1188): CodeIgniter\Model->countAllResults(false)
#6 C:\xampp\htdocs\sinhvien\app\Controllers\Huyen.php(14): CodeIgniter\BaseModel->paginate(20)
#7 C:\xampp\htdocs\sinhvien\vendor\codeigniter4\framework\system\CodeIgniter.php(934): App\Controllers\Huyen->index()
#8 C:\xampp\htdocs\sinhvien\vendor\codeigniter4\framework\system\CodeIgniter.php(499): CodeIgniter\CodeIgniter->runController(Object(App\Controllers\Huyen))
#9 C:\xampp\htdocs\sinhvien\vendor\codeigniter4\framework\system\CodeIgniter.php(368): CodeIgniter\CodeIgniter->handleRequest(NULL, Object(Config\Cache), false)
#10 C:\xampp\htdocs\sinhvien\public\index.php(67): CodeIgniter\CodeIgniter->run()
#11 C:\xampp\htdocs\sinhvien\vendor\codeigniter4\framework\system\Commands\Server\rewrite.php(47): require_once('C:\\xampp\\htdocs...')
#12 {main}
CRITICAL - 2023-05-20 16:49:32 --> Column 'MaTinh' in on clause is ambiguous
in SYSTEMPATH\Database\MySQLi\Connection.php on line 295.
 1 SYSTEMPATH\Database\MySQLi\Connection.php(295): mysqli->query('SELECT COUNT(*) AS `numrows`
FROM `huyen`
JOIN `tinh` ON `tinh`.`id`= `MaTinh`', 0)
 2 SYSTEMPATH\Database\BaseConnection.php(692): CodeIgniter\Database\MySQLi\Connection->execute('SELECT COUNT(*) AS `numrows`
FROM `huyen`
JOIN `tinh` ON `tinh`.`id`= `MaTinh`')
 3 SYSTEMPATH\Database\BaseConnection.php(606): CodeIgniter\Database\BaseConnection->simpleQuery('SELECT COUNT(*) AS `numrows`
FROM `huyen`
JOIN `tinh` ON `tinh`.`id`= `MaTinh`')
 4 SYSTEMPATH\Database\BaseBuilder.php(1700): CodeIgniter\Database\BaseConnection->query('SELECT COUNT(*) AS `numrows`
FROM `huyen`
JOIN `tinh` ON `tinh`.`id`= `MaTinh`', [], false)
 5 SYSTEMPATH\Model.php(606): CodeIgniter\Database\BaseBuilder->countAllResults(false)
 6 SYSTEMPATH\BaseModel.php(1188): CodeIgniter\Model->countAllResults(false)
 7 APPPATH\Controllers\Huyen.php(14): CodeIgniter\BaseModel->paginate(20)
 8 SYSTEMPATH\CodeIgniter.php(934): App\Controllers\Huyen->index()
 9 SYSTEMPATH\CodeIgniter.php(499): CodeIgniter\CodeIgniter->runController(Object(App\Controllers\Huyen))
10 SYSTEMPATH\CodeIgniter.php(368): CodeIgniter\CodeIgniter->handleRequest(null, Object(Config\Cache), false)
11 FCPATH\index.php(67): CodeIgniter\CodeIgniter->run()
12 SYSTEMPATH\Commands\Server\rewrite.php(47): require_once('C:\\xampp\\htdocs\\sinhvien\\public\\index.php')
ERROR - 2023-05-20 16:49:39 --> mysqli_sql_exception: Column 'MaTinh' in on clause is ambiguous in C:\xampp\htdocs\sinhvien\vendor\codeigniter4\framework\system\Database\MySQLi\Connection.php:295
Stack trace:
#0 C:\xampp\htdocs\sinhvien\vendor\codeigniter4\framework\system\Database\MySQLi\Connection.php(295): mysqli->query('SELECT COUNT(*)...', 0)
#1 C:\xampp\htdocs\sinhvien\vendor\codeigniter4\framework\system\Database\BaseConnection.php(692): CodeIgniter\Database\MySQLi\Connection->execute('SELECT COUNT(*)...')
#2 C:\xampp\htdocs\sinhvien\vendor\codeigniter4\framework\system\Database\BaseConnection.php(606): CodeIgniter\Database\BaseConnection->simpleQuery('SELECT COUNT(*)...')
#3 C:\xampp\htdocs\sinhvien\vendor\codeigniter4\framework\system\Database\BaseBuilder.php(1700): CodeIgniter\Database\BaseConnection->query('SELECT COUNT(*)...', Array, false)
#4 C:\xampp\htdocs\sinhvien\vendor\codeigniter4\framework\system\Model.php(606): CodeIgniter\Database\BaseBuilder->countAllResults(false)
#5 C:\xampp\htdocs\sinhvien\vendor\codeigniter4\framework\system\BaseModel.php(1188): CodeIgniter\Model->countAllResults(false)
#6 C:\xampp\htdocs\sinhvien\app\Controllers\Huyen.php(14): CodeIgniter\BaseModel->paginate(20)
#7 C:\xampp\htdocs\sinhvien\vendor\codeigniter4\framework\system\CodeIgniter.php(934): App\Controllers\Huyen->index()
#8 C:\xampp\htdocs\sinhvien\vendor\codeigniter4\framework\system\CodeIgniter.php(499): CodeIgniter\CodeIgniter->runController(Object(App\Controllers\Huyen))
#9 C:\xampp\htdocs\sinhvien\vendor\codeigniter4\framework\system\CodeIgniter.php(368): CodeIgniter\CodeIgniter->handleRequest(NULL, Object(Config\Cache), false)
#10 C:\xampp\htdocs\sinhvien\public\index.php(67): CodeIgniter\CodeIgniter->run()
#11 C:\xampp\htdocs\sinhvien\vendor\codeigniter4\framework\system\Commands\Server\rewrite.php(47): require_once('C:\\xampp\\htdocs...')
#12 {main}
CRITICAL - 2023-05-20 16:49:39 --> Column 'MaTinh' in on clause is ambiguous
in SYSTEMPATH\Database\MySQLi\Connection.php on line 295.
 1 SYSTEMPATH\Database\MySQLi\Connection.php(295): mysqli->query('SELECT COUNT(*) AS `numrows`
FROM `huyen`
JOIN `tinh` ON `tinh`.`id`= `MaTinh`', 0)
 2 SYSTEMPATH\Database\BaseConnection.php(692): CodeIgniter\Database\MySQLi\Connection->execute('SELECT COUNT(*) AS `numrows`
FROM `huyen`
JOIN `tinh` ON `tinh`.`id`= `MaTinh`')
 3 SYSTEMPATH\Database\BaseConnection.php(606): CodeIgniter\Database\BaseConnection->simpleQuery('SELECT COUNT(*) AS `numrows`
FROM `huyen`
JOIN `tinh` ON `tinh`.`id`= `MaTinh`')
 4 SYSTEMPATH\Database\BaseBuilder.php(1700): CodeIgniter\Database\BaseConnection->query('SELECT COUNT(*) AS `numrows`
FROM `huyen`
JOIN `tinh` ON `tinh`.`id`= `MaTinh`', [], false)
 5 SYSTEMPATH\Model.php(606): CodeIgniter\Database\BaseBuilder->countAllResults(false)
 6 SYSTEMPATH\BaseModel.php(1188): CodeIgniter\Model->countAllResults(false)
 7 APPPATH\Controllers\Huyen.php(14): CodeIgniter\BaseModel->paginate(20)
 8 SYSTEMPATH\CodeIgniter.php(934): App\Controllers\Huyen->index()
 9 SYSTEMPATH\CodeIgniter.php(499): CodeIgniter\CodeIgniter->runController(Object(App\Controllers\Huyen))
10 SYSTEMPATH\CodeIgniter.php(368): CodeIgniter\CodeIgniter->handleRequest(null, Object(Config\Cache), false)
11 FCPATH\index.php(67): CodeIgniter\CodeIgniter->run()
12 SYSTEMPATH\Commands\Server\rewrite.php(47): require_once('C:\\xampp\\htdocs\\sinhvien\\public\\index.php')
